2025-12-02 11:02:59,665 [INFO] Бот запущен
2025-12-02 11:03:02,733 [INFO] HTTP Request: POST https://api.telegram.org/bot8125024979:AAEkRbxjiLiGMlQXh5mSXDCSu0V7WE0C4O0/getMe "HTTP/1.1 200 OK"
2025-12-02 11:03:02,785 [INFO] HTTP Request: POST https://api.telegram.org/bot8125024979:AAEkRbxjiLiGMlQXh5mSXDCSu0V7WE0C4O0/deleteWebhook "HTTP/1.1 200 OK"
2025-12-02 11:03:02,787 [INFO] Application started
2025-12-02 11:03:12,932 [INFO] HTTP Request: POST https://api.telegram.org/bot8125024979:AAEkRbxjiLiGMlQXh5mSXDCSu0V7WE0C4O0/getUpdates "HTTP/1.1 200 OK"
2025-12-02 11:03:22,980 [INFO] HTTP Request: POST https://api.telegram.org/bot8125024979:AAEkRbxjiLiGMlQXh5mSXDCSu0V7WE0C4O0/getUpdates "HTTP/1.1 200 OK"
2025-12-02 11:03:33,028 [INFO] HTTP Request: POST https://api.telegram.org/bot8125024979:AAEkRbxjiLiGMlQXh5mSXDCSu0V7WE0C4O0/getUpdates "HTTP/1.1 200 OK"
2025-12-02 11:03:43,078 [INFO] HTTP Request: POST https://api.telegram.org/bot8125024979:AAEkRbxjiLiGMlQXh5mSXDCSu0V7WE0C4O0/getUpdates "HTTP/1.1 200 OK"
2025-12-02 11:03:53,125 [INFO] HTTP Request: POST https://api.telegram.org/bot8125024979:AAEkRbxjiLiGMlQXh5mSXDCSu0V7WE0C4O0/getUpdates "HTTP/1.1 200 OK"
2025-12-02 11:04:03,175 [INFO] HTTP Request: POST https://api.telegram.org/bot8125024979:AAEkRbxjiLiGMlQXh5mSXDCSu0V7WE0C4O0/getUpdates "HTTP/1.1 200 OK"
2025-12-02 11:04:13,223 [INFO] HTTP Request: POST https://api.telegram.org/bot8125024979:AAEkRbxjiLiGMlQXh5mSXDCSu0V7WE0C4O0/getUpdates "HTTP/1.1 200 OK"
2025-12-02 11:04:23,272 [INFO] HTTP Request: POST https://api.telegram.org/bot8125024979:AAEkRbxjiLiGMlQXh5mSXDCSu0V7WE0C4O0/getUpdates "HTTP/1.1 200 OK"
2025-12-02 11:04:33,320 [INFO] HTTP Request: POST https://api.telegram.org/bot8125024979:AAEkRbxjiLiGMlQXh5mSXDCSu0V7WE0C4O0/getUpdates "HTTP/1.1 200 OK"
2025-12-02 11:04:43,369 [INFO] HTTP Request: POST https://api.telegram.org/bot8125024979:AAEkRbxjiLiGMlQXh5mSXDCSu0V7WE0C4O0/getUpdates "HTTP/1.1 200 OK"
2025-12-02 11:04:49,241 [INFO] HTTP Request: POST https://api.telegram.org/bot8125024979:AAEkRbxjiLiGMlQXh5mSXDCSu0V7WE0C4O0/getUpdates "HTTP/1.1 200 OK"
2025-12-02 11:04:49,292 [INFO] HTTP Request: POST https://api.telegram.org/bot8125024979:AAEkRbxjiLiGMlQXh5mSXDCSu0V7WE0C4O0/getUpdates "HTTP/1.1 200 OK"
2025-12-02 11:04:49,433 [INFO] HTTP Request: POST https://api.telegram.org/bot8125024979:AAEkRbxjiLiGMlQXh5mSXDCSu0V7WE0C4O0/sendMessage "HTTP/1.1 200 OK"
2025-12-02 11:04:49,511 [INFO] HTTP Request: POST https://api.telegram.org/bot8125024979:AAEkRbxjiLiGMlQXh5mSXDCSu0V7WE0C4O0/sendMessage "HTTP/1.1 200 OK"
2025-12-02 11:04:59,340 [INFO] HTTP Request: POST https://api.telegram.org/bot8125024979:AAEkRbxjiLiGMlQXh5mSXDCSu0V7WE0C4O0/getUpdates "HTTP/1.1 200 OK"
2025-12-02 11:05:09,392 [INFO] HTTP Request: POST https://api.telegram.org/bot8125024979:AAEkRbxjiLiGMlQXh5mSXDCSu0V7WE0C4O0/getUpdates "HTTP/1.1 200 OK"
2025-12-02 11:05:19,440 [INFO] HTTP Request: POST https://api.telegram.org/bot8125024979:AAEkRbxjiLiGMlQXh5mSXDCSu0V7WE0C4O0/getUpdates "HTTP/1.1 200 OK"
2025-12-02 11:05:29,489 [INFO] HTTP Request: POST https://api.telegram.org/bot8125024979:AAEkRbxjiLiGMlQXh5mSXDCSu0V7WE0C4O0/getUpdates "HTTP/1.1 200 OK"
2025-12-02 11:05:39,550 [INFO] HTTP Request: POST https://api.telegram.org/bot8125024979:AAEkRbxjiLiGMlQXh5mSXDCSu0V7WE0C4O0/getUpdates "HTTP/1.1 200 OK"
2025-12-02 11:05:49,598 [INFO] HTTP Request: POST https://api.telegram.org/bot8125024979:AAEkRbxjiLiGMlQXh5mSXDCSu0V7WE0C4O0/getUpdates "HTTP/1.1 200 OK"
2025-12-02 11:05:59,645 [INFO] HTTP Request: POST https://api.telegram.org/bot8125024979:AAEkRbxjiLiGMlQXh5mSXDCSu0V7WE0C4O0/getUpdates "HTTP/1.1 200 OK"
2025-12-02 11:06:09,695 [INFO] HTTP Request: POST https://api.telegram.org/bot8125024979:AAEkRbxjiLiGMlQXh5mSXDCSu0V7WE0C4O0/getUpdates "HTTP/1.1 200 OK"
2025-12-02 11:06:19,742 [INFO] HTTP Request: POST https://api.telegram.org/bot8125024979:AAEkRbxjiLiGMlQXh5mSXDCSu0V7WE0C4O0/getUpdates "HTTP/1.1 200 OK"
2025-12-02 11:06:29,790 [INFO] HTTP Request: POST https://api.telegram.org/bot8125024979:AAEkRbxjiLiGMlQXh5mSXDCSu0V7WE0C4O0/getUpdates "HTTP/1.1 200 OK"
2025-12-02 11:06:39,840 [INFO] HTTP Request: POST https://api.telegram.org/bot8125024979:AAEkRbxjiLiGMlQXh5mSXDCSu0V7WE0C4O0/getUpdates "HTTP/1.1 200 OK"
2025-12-02 11:06:49,888 [INFO] HTTP Request: POST https://api.telegram.org/bot8125024979:AAEkRbxjiLiGMlQXh5mSXDCSu0V7WE0C4O0/getUpdates "HTTP/1.1 200 OK"
2025-12-02 11:06:59,939 [INFO] HTTP Request: POST https://api.telegram.org/bot8125024979:AAEkRbxjiLiGMlQXh5mSXDCSu0V7WE0C4O0/getUpdates "HTTP/1.1 200 OK"
2025-12-02 11:07:09,987 [INFO] HTTP Request: POST https://api.telegram.org/bot8125024979:AAEkRbxjiLiGMlQXh5mSXDCSu0V7WE0C4O0/getUpdates "HTTP/1.1 200 OK"
2025-12-02 11:07:20,034 [INFO] HTTP Request: POST https://api.telegram.org/bot8125024979:AAEkRbxjiLiGMlQXh5mSXDCSu0V7WE0C4O0/getUpdates "HTTP/1.1 200 OK"
2025-12-02 11:07:30,083 [INFO] HTTP Request: POST https://api.telegram.org/bot8125024979:AAEkRbxjiLiGMlQXh5mSXDCSu0V7WE0C4O0/getUpdates "HTTP/1.1 200 OK"
2025-12-02 11:07:40,135 [INFO] HTTP Request: POST https://api.telegram.org/bot8125024979:AAEkRbxjiLiGMlQXh5mSXDCSu0V7WE0C4O0/getUpdates "HTTP/1.1 200 OK"
2025-12-02 11:07:50,182 [INFO] HTTP Request: POST https://api.telegram.org/bot8125024979:AAEkRbxjiLiGMlQXh5mSXDCSu0V7WE0C4O0/getUpdates "HTTP/1.1 200 OK"
2025-12-02 11:08:00,232 [INFO] HTTP Request: POST https://api.telegram.org/bot8125024979:AAEkRbxjiLiGMlQXh5mSXDCSu0V7WE0C4O0/getUpdates "HTTP/1.1 200 OK"
2025-12-02 11:08:10,281 [INFO] HTTP Request: POST https://api.telegram.org/bot8125024979:AAEkRbxjiLiGMlQXh5mSXDCSu0V7WE0C4O0/getUpdates "HTTP/1.1 200 OK"
2025-12-02 11:08:20,329 [INFO] HTTP Request: POST https://api.telegram.org/bot8125024979:AAEkRbxjiLiGMlQXh5mSXDCSu0V7WE0C4O0/getUpdates "HTTP/1.1 200 OK"
2025-12-02 11:08:30,376 [INFO] HTTP Request: POST https://api.telegram.org/bot8125024979:AAEkRbxjiLiGMlQXh5mSXDCSu0V7WE0C4O0/getUpdates "HTTP/1.1 200 OK"
2025-12-02 11:08:40,425 [INFO] HTTP Request: POST https://api.telegram.org/bot8125024979:AAEkRbxjiLiGMlQXh5mSXDCSu0V7WE0C4O0/getUpdates "HTTP/1.1 200 OK"
2025-12-02 11:08:50,474 [INFO] HTTP Request: POST https://api.telegram.org/bot8125024979:AAEkRbxjiLiGMlQXh5mSXDCSu0V7WE0C4O0/getUpdates "HTTP/1.1 200 OK"
2025-12-02 11:09:00,522 [INFO] HTTP Request: POST https://api.telegram.org/bot8125024979:AAEkRbxjiLiGMlQXh5mSXDCSu0V7WE0C4O0/getUpdates "HTTP/1.1 200 OK"
2025-12-02 11:09:10,571 [INFO] HTTP Request: POST https://api.telegram.org/bot8125024979:AAEkRbxjiLiGMlQXh5mSXDCSu0V7WE0C4O0/getUpdates "HTTP/1.1 200 OK"
2025-12-02 11:09:20,619 [INFO] HTTP Request: POST https://api.telegram.org/bot8125024979:AAEkRbxjiLiGMlQXh5mSXDCSu0V7WE0C4O0/getUpdates "HTTP/1.1 200 OK"
2025-12-02 11:09:30,666 [INFO] HTTP Request: POST https://api.telegram.org/bot8125024979:AAEkRbxjiLiGMlQXh5mSXDCSu0V7WE0C4O0/getUpdates "HTTP/1.1 200 OK"
2025-12-02 11:09:40,715 [INFO] HTTP Request: POST https://api.telegram.org/bot8125024979:AAEkRbxjiLiGMlQXh5mSXDCSu0V7WE0C4O0/getUpdates "HTTP/1.1 200 OK"
2025-12-02 11:09:50,764 [INFO] HTTP Request: POST https://api.telegram.org/bot8125024979:AAEkRbxjiLiGMlQXh5mSXDCSu0V7WE0C4O0/getUpdates "HTTP/1.1 200 OK"
2025-12-02 11:10:00,815 [INFO] HTTP Request: POST https://api.telegram.org/bot8125024979:AAEkRbxjiLiGMlQXh5mSXDCSu0V7WE0C4O0/getUpdates "HTTP/1.1 200 OK"
2025-12-02 11:10:10,866 [INFO] HTTP Request: POST https://api.telegram.org/bot8125024979:AAEkRbxjiLiGMlQXh5mSXDCSu0V7WE0C4O0/getUpdates "HTTP/1.1 200 OK"
2025-12-02 11:10:20,917 [INFO] HTTP Request: POST https://api.telegram.org/bot8125024979:AAEkRbxjiLiGMlQXh5mSXDCSu0V7WE0C4O0/getUpdates "HTTP/1.1 200 OK"
2025-12-02 11:10:30,966 [INFO] HTTP Request: POST https://api.telegram.org/bot8125024979:AAEkRbxjiLiGMlQXh5mSXDCSu0V7WE0C4O0/getUpdates "HTTP/1.1 200 OK"
2025-12-02 11:10:41,015 [INFO] HTTP Request: POST https://api.telegram.org/bot8125024979:AAEkRbxjiLiGMlQXh5mSXDCSu0V7WE0C4O0/getUpdates "HTTP/1.1 200 OK"
2025-12-02 11:10:51,066 [INFO] HTTP Request: POST https://api.telegram.org/bot8125024979:AAEkRbxjiLiGMlQXh5mSXDCSu0V7WE0C4O0/getUpdates "HTTP/1.1 200 OK"
2025-12-02 11:11:01,114 [INFO] HTTP Request: POST https://api.telegram.org/bot8125024979:AAEkRbxjiLiGMlQXh5mSXDCSu0V7WE0C4O0/getUpdates "HTTP/1.1 200 OK"
2025-12-02 11:11:11,166 [INFO] HTTP Request: POST https://api.telegram.org/bot8125024979:AAEkRbxjiLiGMlQXh5mSXDCSu0V7WE0C4O0/getUpdates "HTTP/1.1 200 OK"
2025-12-02 11:11:21,214 [INFO] HTTP Request: POST https://api.telegram.org/bot8125024979:AAEkRbxjiLiGMlQXh5mSXDCSu0V7WE0C4O0/getUpdates "HTTP/1.1 200 OK"
